<?xml version="1.0" encoding="UTF-8"?>
<!-- Generated by org.testng.reporters.JUnitReportReporter -->
<testsuite hostname="DESKTOP-NSGLRTF" failures="0" tests="8" name="com.osa.runner.RegressionQA" time="63.188" errors="2" timestamp="2025-05-08T21:33:07 EDT" skipped="0">
  <testcase classname="com.osa.runner.RegressionQA" name="runScenario" time="5.147">
    <error message="Cannot invoke &quot;com.osa.pages.ForumPage.clickOnLoginButton()&quot; because &quot;this.fp&quot; is null" type="java.lang.NullPointerException">
      <![CDATA[java.lang.NullPointerException: Cannot invoke "com.osa.pages.ForumPage.clickOnLoginButton()" because "this.fp" is null
at com.osa.steps.FoumLogin.i_click_on_Forum_Page(FoumLogin.java:100)
at ✽.I click on Forum Page(file:///C:/Users/Nishita%20Jannat%20Alam/Desktop/NewWorkspace/BDD_Cucumber/src/main/java/com/osa/features/ForumLogin.feature:7)
]]>
    </error>
  </testcase> <!-- runScenario -->
  <system-out/>
  <testcase classname="com.osa.runner.RegressionQA" name="runScenario" time="9.042"/>
  <system-out/>
  <testcase classname="com.osa.runner.RegressionQA" name="runScenario" time="7.430"/>
  <system-out/>
  <testcase classname="com.osa.runner.RegressionQA" name="runScenario" time="3.340">
    <error message="Cannot invoke &quot;com.osa.pages.ServicePage.clickOnServicesButton()&quot; because &quot;this.sep&quot; is null" type="java.lang.NullPointerException">
      <![CDATA[java.lang.NullPointerException: Cannot invoke "com.osa.pages.ServicePage.clickOnServicesButton()" because "this.sep" is null
at com.osa.steps.FoumLogin.user_clicks_on_service_button(FoumLogin.java:38)
at ✽.user clicks on service button(file:///C:/Users/Nishita%20Jannat%20Alam/Desktop/NewWorkspace/BDD_Cucumber/src/main/java/com/osa/features/Service.feature:5)
]]>
    </error>
  </testcase> <!-- runScenario -->
  <system-out/>
  <testcase classname="com.osa.runner.RegressionQA" name="runScenario" time="9.718"/>
  <system-out/>
  <testcase classname="com.osa.runner.RegressionQA" name="runScenario" time="10.340"/>
  <system-out/>
  <testcase classname="com.osa.runner.RegressionQA" name="runScenario" time="9.415"/>
  <system-out/>
  <testcase classname="com.osa.runner.RegressionQA" name="runScenario" time="8.756"/>
  <system-out/>
</testsuite> <!-- com.osa.runner.RegressionQA -->
