<?xml version="1.0" encoding="UTF-8"?>
<!-- Generated by org.testng.reporters.JUnitXMLReporter -->
<testsuite ignored="0" hostname="DESKTOP-NSGLRTF" failures="2" tests="8" name="Test" time="67.598" errors="0" timestamp="2025-05-08T21:33:07 EDT">
  <testcase classname="io.cucumber.testng.AbstractTestNGCucumberTests" name="runScenario" time="5.147">
    <failure type="java.lang.NullPointerException" message="Cannot invoke &amp;quot;com.osa.pages.ForumPage.clickOnLoginButton()&amp;quot; because &amp;quot;this.fp&amp;quot; is null">
      <![CDATA[java.lang.NullPointerException: Cannot invoke "com.osa.pages.ForumPage.clickOnLoginButton()" because "this.fp" is null
at com.osa.steps.FoumLogin.i_click_on_Forum_Page(FoumLogin.java:100)
at ✽.I click on Forum Page(file:///C:/Users/Nishita%20Jannat%20Alam/Desktop/NewWorkspace/BDD_Cucumber/src/main/java/com/osa/features/ForumLogin.feature:7)
]]>
    </failure>
  </testcase> <!-- runScenario -->
  <testcase classname="io.cucumber.testng.AbstractTestNGCucumberTests" name="runScenario" time="8.756"/>
  <testcase classname="io.cucumber.testng.AbstractTestNGCucumberTests" name="runScenario" time="9.042"/>
  <testcase classname="io.cucumber.testng.AbstractTestNGCucumberTests" name="runScenario" time="7.43"/>
  <testcase classname="io.cucumber.testng.AbstractTestNGCucumberTests" name="runScenario" time="3.34">
    <failure type="java.lang.NullPointerException" message="Cannot invoke &amp;quot;com.osa.pages.ServicePage.clickOnServicesButton()&amp;quot; because &amp;quot;this.sep&amp;quot; is null">
      <![CDATA[java.lang.NullPointerException: Cannot invoke "com.osa.pages.ServicePage.clickOnServicesButton()" because "this.sep" is null
at com.osa.steps.FoumLogin.user_clicks_on_service_button(FoumLogin.java:38)
at ✽.user clicks on service button(file:///C:/Users/Nishita%20Jannat%20Alam/Desktop/NewWorkspace/BDD_Cucumber/src/main/java/com/osa/features/Service.feature:5)
]]>
    </failure>
  </testcase> <!-- runScenario -->
  <testcase classname="io.cucumber.testng.AbstractTestNGCucumberTests" name="runScenario" time="10.34"/>
  <testcase classname="io.cucumber.testng.AbstractTestNGCucumberTests" name="runScenario" time="9.415"/>
  <testcase classname="io.cucumber.testng.AbstractTestNGCucumberTests" name="runScenario" time="9.718"/>
</testsuite> <!-- Test -->
